===== Config file =====
[virtual_sdcard]
path = ~/printer_data/gcodes
on_error_gcode = CANCEL_PRINT

[pause_resume]

[display_status]

[respond]

[gcode_macro CANCEL_PRINT]
description = Cancel the actual running print
rename_existing = CANCEL_PRINT_BASE
gcode = 
	
	{% set client = printer['gcode_macro _CLIENT_VARIABLE']|default({}) %}
	{% set allow_park = client.park_at_cancel|default(false)|lower == 'true' %}
	{% set retract = client.cancel_retract|default(5.0)|abs %}
	
	{% set park_x = "" if (client.park_at_cancel_x|default(none) is none)
	else "X=" ~ client.park_at_cancel_x %}
	{% set park_y = "" if (client.park_at_cancel_y|default(none) is none)
	else "Y=" ~ client.park_at_cancel_y %}
	{% set custom_park = park_x|length > 0 or park_y|length > 0 %}
	
	
	{% if printer['gcode_macro RESUME'].restore_idle_timeout > 0 %}
	SET_IDLE_TIMEOUT TIMEOUT={printer['gcode_macro RESUME'].restore_idle_timeout}
	{% endif %}
	{% if (custom_park or not printer.pause_resume.is_paused) and allow_park %} _TOOLHEAD_PARK_PAUSE_CANCEL {park_x} {park_y} {% endif %}
	_CLIENT_RETRACT LENGTH={retract}
	TURN_OFF_HEATERS
	M106 S0
	{client.user_cancel_macro|default("")}
	SET_GCODE_VARIABLE MACRO=RESUME VARIABLE=idle_state VALUE=False
	
	SET_PAUSE_NEXT_LAYER ENABLE=0
	SET_PAUSE_AT_LAYER ENABLE=0 LAYER=0
	CANCEL_PRINT_BASE

[gcode_macro PAUSE]
description = Pause the actual running print
rename_existing = PAUSE_BASE
gcode = 
	
	{% set client = printer['gcode_macro _CLIENT_VARIABLE']|default({}) %}
	{% set idle_timeout = client.idle_timeout|default(0) %}
	{% set temp = printer[printer.toolhead.extruder].target if printer.toolhead.extruder != '' else 0 %}
	{% set restore = False if printer.toolhead.extruder == ''
	else True  if params.RESTORE|default(1)|int == 1 else False %}
	
	SET_GCODE_VARIABLE MACRO=RESUME VARIABLE=last_extruder_temp VALUE="{{'restore': restore, 'temp': temp}}"
	
	{% if idle_timeout > 0 %}
	SET_GCODE_VARIABLE MACRO=RESUME VARIABLE=restore_idle_timeout VALUE={printer.configfile.settings.idle_timeout.timeout}
	SET_IDLE_TIMEOUT TIMEOUT={idle_timeout}
	{% endif %}
	PAUSE_BASE
	{client.user_pause_macro|default("")}
	_TOOLHEAD_PARK_PAUSE_CANCEL {rawparams}

[gcode_macro RESUME]
description = Resume the actual running print
rename_existing = RESUME_BASE
variable_last_extruder_temp = {'restore': False, 'temp': 0}
variable_restore_idle_timeout = 0
variable_idle_state = False
gcode = 
	
	{% set client = printer['gcode_macro _CLIENT_VARIABLE']|default({}) %}
	{% set velocity = printer.configfile.settings.pause_resume.recover_velocity %}
	{% set sp_move = client.speed_move|default(velocity) %}
	{% set runout_resume = True if client.runout_sensor|default("") == ""
	else True if not printer[client.runout_sensor].enabled
	else printer[client.runout_sensor].filament_detected %}
	{% set can_extrude = True if printer.toolhead.extruder == ''
	else printer[printer.toolhead.extruder].can_extrude %}
	{% set do_resume = False %}
	{% set prompt_txt = [] %}
	
	
	{% if printer.idle_timeout.state|upper == "IDLE" or idle_state %}
	SET_GCODE_VARIABLE MACRO=RESUME VARIABLE=idle_state VALUE=False
	{% if last_extruder_temp.restore %}
	
	RESPOND TYPE=echo MSG='{"Restoring \"%s\" temperature to %3.1f\u00B0C, this may take some time" % (printer.toolhead.extruder, last_extruder_temp.temp) }'
	M109 S{last_extruder_temp.temp}
	{% set do_resume = True %}
	{% elif can_extrude %}
	{% set do_resume = True %}
	{% else %}
	RESPOND TYPE=error MSG='{"Resume aborted !!! \"%s\" not hot enough, please heat up again and press RESUME" % printer.toolhead.extruder}'
	{% set _d = prompt_txt.append("\"%s\" not hot enough, please heat up again and press RESUME" % printer.toolhead.extruder) %}
	{% endif %}
	
	{% elif can_extrude %}
	{% set do_resume = True %}
	{% else %}
	RESPOND TYPE=error MSG='{"Resume aborted !!! \"%s\" not hot enough, please heat up again and press RESUME" % printer.toolhead.extruder}'
	{% set _d = prompt_txt.append("\"%s\" not hot enough, please heat up again and press RESUME" % printer.toolhead.extruder) %}
	{% endif %}
	{% if runout_resume %}
	{% if do_resume %}
	{% if restore_idle_timeout > 0 %} SET_IDLE_TIMEOUT TIMEOUT={restore_idle_timeout} {% endif %}
	{client.user_resume_macro|default("")}
	_CLIENT_EXTRUDE
	RESUME_BASE VELOCITY={params.VELOCITY|default(sp_move)}
	{% endif %}
	{% else %}
	RESPOND TYPE=error MSG='{"Resume aborted !!! \"%s\" detects no filament, please load filament and press RESUME" % (client.runout_sensor.split(" "))[1]}'
	{% set _d = prompt_txt.append("\"%s\" detects no filament, please load filament and press RESUME" % (client.runout_sensor.split(" "))[1]) %}
	{% endif %}
	
	{% if not (runout_resume and do_resume) %}
	RESPOND TYPE=command MSG="action:prompt_begin RESUME aborted !!!"
	{% for element in prompt_txt %}
	RESPOND TYPE=command MSG='{"action:prompt_text %s" % element}'
	{% endfor %}
	RESPOND TYPE=command MSG="action:prompt_footer_button Ok|RESPOND TYPE=command MSG=action:prompt_end|info"
	RESPOND TYPE=command MSG="action:prompt_show"
	{% endif %}

[gcode_macro SET_PAUSE_NEXT_LAYER]
description = Enable a pause if the next layer is reached
gcode = 
	{% set pause_next_layer = printer['gcode_macro SET_PRINT_STATS_INFO'].pause_next_layer %}
	{% set ENABLE = params.ENABLE|default(1)|int != 0 %}
	{% set MACRO = params.MACRO|default(pause_next_layer.call, True) %}
	SET_GCODE_VARIABLE MACRO=SET_PRINT_STATS_INFO VARIABLE=pause_next_layer VALUE="{{ 'enable': ENABLE, 'call': MACRO }}"

[gcode_macro SET_PAUSE_AT_LAYER]
description = Enable/disable a pause if a given layer number is reached
gcode = 
	{% set pause_at_layer = printer['gcode_macro SET_PRINT_STATS_INFO'].pause_at_layer %}
	{% set ENABLE = params.ENABLE|int != 0 if params.ENABLE is defined
	else params.LAYER is defined %}
	{% set LAYER = params.LAYER|default(pause_at_layer.layer)|int %}
	{% set MACRO = params.MACRO|default(pause_at_layer.call, True) %}
	SET_GCODE_VARIABLE MACRO=SET_PRINT_STATS_INFO VARIABLE=pause_at_layer VALUE="{{ 'enable': ENABLE, 'layer': LAYER, 'call': MACRO }}"

[gcode_macro SET_PRINT_STATS_INFO]
rename_existing = SET_PRINT_STATS_INFO_BASE
description = Overwrite, to get pause_next_layer and pause_at_layer feature
variable_pause_next_layer = { 'enable': False, 'call': "PAUSE" }
variable_pause_at_layer = { 'enable': False, 'layer': 0, 'call': "PAUSE" }
gcode = 
	{% if pause_next_layer.enable %}
	RESPOND TYPE=echo MSG='{"%s, forced by pause_next_layer" % pause_next_layer.call}'
	{pause_next_layer.call}
	SET_PAUSE_NEXT_LAYER ENABLE=0
	{% elif pause_at_layer.enable and params.CURRENT_LAYER is defined and params.CURRENT_LAYER|int == pause_at_layer.layer %}
	RESPOND TYPE=echo MSG='{"%s, forced by pause_at_layer [%d]" % (pause_at_layer.call, pause_at_layer.layer)}'
	{pause_at_layer.call}
	SET_PAUSE_AT_LAYER ENABLE=0
	{% endif %}
	SET_PRINT_STATS_INFO_BASE {rawparams}

[gcode_macro _TOOLHEAD_PARK_PAUSE_CANCEL]
description = Helper: park toolhead used in PAUSE and CANCEL_PRINT
gcode = 
	
	{% set client = printer['gcode_macro _CLIENT_VARIABLE']|default({}) %}
	{% set velocity = printer.configfile.settings.pause_resume.recover_velocity %}
	{% set use_custom     = client.use_custom_pos|default(false)|lower == 'true' %}
	{% set custom_park_x  = client.custom_park_x|default(0.0) %}
	{% set custom_park_y  = client.custom_park_y|default(0.0) %}
	{% set park_dz        = client.custom_park_dz|default(2.0)|abs %}
	{% set sp_hop         = client.speed_hop|default(15) * 60 %}
	{% set sp_move        = client.speed_move|default(velocity) * 60 %}
	
	{% set origin    = printer.gcode_move.homing_origin %}
	{% set act       = printer.gcode_move.gcode_position %}
	{% set max       = printer.toolhead.axis_maximum %}
	{% set cone      = printer.toolhead.cone_start_z|default(max.z) %}
	{% set round_bed = True if printer.configfile.settings.printer.kinematics is in ['delta','polar','rotary_delta','winch']
	else False %}
	
	{% set z_min = params.Z_MIN|default(0)|float %}
	{% set z_park = [[(act.z + park_dz), z_min]|max, (max.z - origin.z)]|min %}
	{% set x_park = params.X       if params.X is defined
	else custom_park_x  if use_custom
	else 0.0            if round_bed
	else (max.x - 5.0) %}
	{% set y_park = params.Y       if params.Y is defined
	else custom_park_y  if use_custom
	else (max.y - 5.0)  if round_bed and z_park < cone
	else 0.0            if round_bed
	else (max.y - 5.0) %}
	
	_CLIENT_RETRACT
	{% if "xyz" in printer.toolhead.homed_axes %}
	G90
	G1 Z{z_park} F{sp_hop}
	G1 X{x_park} Y{y_park} F{sp_move}
	{% if not printer.gcode_move.absolute_coordinates %} G91 {% endif %}
	{% else %}
	RESPOND TYPE=echo MSG='Printer not homed'
	{% endif %}

[gcode_macro _CLIENT_EXTRUDE]
description = Extrudes, if the extruder is hot enough
gcode = 
	
	{% set client = printer['gcode_macro _CLIENT_VARIABLE']|default({}) %}
	{% set use_fw_retract = (client.use_fw_retract|default(false)|lower == 'true') and (printer.firmware_retraction is defined) %}
	{% set length = params.LENGTH|default(client.unretract)|default(1.0)|float %}
	{% set speed = params.SPEED|default(client.speed_unretract)|default(35) %}
	{% set absolute_extrude = printer.gcode_move.absolute_extrude %}
	
	{% if printer.toolhead.extruder != '' %}
	{% if printer[printer.toolhead.extruder].can_extrude %}
	{% if use_fw_retract %}
	{% if length < 0 %}
	G10
	{% else %}
	G11
	{% endif %}
	{% else %}
	M83
	G1 E{length} F{(speed|float|abs) * 60}
	{% if absolute_extrude %}
	M82
	{% endif %}
	{% endif %}
	{% else %}
	RESPOND TYPE=echo MSG='{"\"%s\" not hot enough" % printer.toolhead.extruder}'
	{% endif %}
	{% endif %}

[gcode_macro _CLIENT_RETRACT]
description = Retracts, if the extruder is hot enough
gcode = 
	{% set client = printer['gcode_macro _CLIENT_VARIABLE']|default({}) %}
	{% set length = params.LENGTH|default(client.retract)|default(1.0)|float %}
	{% set speed = params.SPEED|default(client.speed_retract)|default(35) %}
	
	_CLIENT_EXTRUDE LENGTH=-{length|float|abs} SPEED={speed|float|abs}

[stepper_x]
step_pin = PB13
dir_pin = !PB12
enable_pin = !PB14
microsteps = 16
rotation_distance = 40
endstop_pin = ^PC0
position_endstop = 0
position_max = 230
homing_speed = 50

[tmc2209 stepper_x]
uart_pin = PC11
tx_pin = PC10
uart_address = 0
run_current = 0.580

[stepper_y]
step_pin = PB10
dir_pin = !PB2
enable_pin = !PB11
microsteps = 16
rotation_distance = 40
endstop_pin = ^PC1
position_endstop = 0
position_max = 230
homing_speed = 50

[tmc2209 stepper_y]
uart_pin = PC11
tx_pin = PC10
uart_address = 2
run_current = 0.580

[stepper_z]
step_pin = PB0
dir_pin = PC5
enable_pin = !PB1
microsteps = 16
rotation_distance = 8
endstop_pin = probe:z_virtual_endstop
position_max = 230
position_min = -2

[tmc2209 stepper_z]
uart_pin = PC11
tx_pin = PC10
uart_address = 1
run_current = 0.750

[extruder]
step_pin = PB3
dir_pin = !PB4
enable_pin = !PD1
microsteps = 16
rotation_distance = 33.500
nozzle_diameter = 0.400
filament_diameter = 1.750
heater_pin = PC8
sensor_type = EPCOS 100K B57560G104F
sensor_pin = PA0
control = pid
pid_kp = 21.527
pid_ki = 1.063
pid_kd = 108.982
min_temp = 0
max_temp = 250

[tmc2209 extruder]
uart_pin = PC11
tx_pin = PC10
uart_address = 3
run_current = 0.650

[heater_bed]
heater_pin = PC9
sensor_type = EPCOS 100K B57560G104F
sensor_pin = PC4
control = pid
pid_kp = 54.027
pid_ki = 0.770
pid_kd = 948.182
min_temp = 0
max_temp = 130

[heater_fan heatbreak_cooling_fan]
pin = PC7

[heater_fan controller_fan]
pin = PB15

[fan]
pin = PC6

[mcu]
serial = usb-Klipper_stm32g0b1xx_490009000450415339373620-if00

[printer]
kinematics = cartesian
max_velocity = 300
max_accel = 3000
max_z_velocity = 5
max_z_accel = 100

[board_pins]
aliases = 
	
	EXP1_1=PB5,  EXP1_3=PA9,   EXP1_5=PA10, EXP1_7=PB8, EXP1_9=<GND>,
	EXP1_2=PA15, EXP1_4=<RST>, EXP1_6=PB9,  EXP1_8=PD6, EXP1_10=<5V>

[bltouch]
sensor_pin = ^PC14
control_pin = PA1
x_offset = -17.1
y_offset = -3.0
z_offset = 2.000
speed = 3.0
samples = 2
samples_result = median
sample_retract_dist = 8.0
samples_tolerance = 0.01
samples_tolerance_retries = 3

[bed_mesh]
speed = 75
horizontal_move_z = 8
mesh_min = 25, 25
mesh_max = 150, 210
probe_count = 5
fade_start = 0
mesh_pps = 2, 2
algorithm = bicubic
move_check_distance = 5
=======================
Args: ['/home/wheatley/klipper/klippy/klippy.py', '/home/wheatley/printer_data/config/printer.cfg', '-l', '/home/wheatley/printer_data/logs/klippy.log', '-I', '/home/wheatley/printer_data/comms/klippy.serial', '-a', '/home/wheatley/printer_data/comms/klippy.sock']
Git version: 'v0.12.0-60-g0665dc89'
Branch: master
Remote: origin
Tracked URL: https://github.com/Klipper3d/klipper.git
CPU: 4 core ARMv7 Processor rev 4 (v7l)
Python: '3.9.2 (default, Mar 12 2021, 04:06:34) \n[GCC 10.2.1 20210110]'
webhooks client 1965373016: {'program': 'Moonraker', 'version': 'v0.8.0-243-g84a8538'}
=============== Log rollover at Thu Jan  4 18:58:24 2024 ===============
mcu 'mcu': Unable to open serial port: [Errno 2] could not open port usb-Klipper_stm32g0b1xx_490009000450415339373620-if00: [Errno 2] No such file or directory: 'usb-Klipper_stm32g0b1xx_490009000450415339373620-if00'
mcu 'mcu': Unable to open serial port: [Errno 2] could not open port usb-Klipper_stm32g0b1xx_490009000450415339373620-if00: [Errno 2] No such file or directory: 'usb-Klipper_stm32g0b1xx_490009000450415339373620-if00'
mcu 'mcu': Unable to open serial port: [Errno 2] could not open port usb-Klipper_stm32g0b1xx_490009000450415339373620-if00: [Errno 2] No such file or directory: 'usb-Klipper_stm32g0b1xx_490009000450415339373620-if00'
mcu 'mcu': Unable to open serial port: [Errno 2] could not open port usb-Klipper_stm32g0b1xx_490009000450415339373620-if00: [Errno 2] No such file or directory: 'usb-Klipper_stm32g0b1xx_490009000450415339373620-if00'
mcu 'mcu': Unable to open serial port: [Errno 2] could not open port usb-Klipper_stm32g0b1xx_490009000450415339373620-if00: [Errno 2] No such file or directory: 'usb-Klipper_stm32g0b1xx_490009000450415339373620-if00'
mcu 'mcu': Unable to open serial port: [Errno 2] could not open port usb-Klipper_stm32g0b1xx_490009000450415339373620-if00: [Errno 2] No such file or directory: 'usb-Klipper_stm32g0b1xx_490009000450415339373620-if00'
mcu 'mcu': Unable to open serial port: [Errno 2] could not open port usb-Klipper_stm32g0b1xx_490009000450415339373620-if00: [Errno 2] No such file or directory: 'usb-Klipper_stm32g0b1xx_490009000450415339373620-if00'
mcu 'mcu': Unable to open serial port: [Errno 2] could not open port usb-Klipper_stm32g0b1xx_490009000450415339373620-if00: [Errno 2] No such file or directory: 'usb-Klipper_stm32g0b1xx_490009000450415339373620-if00'
mcu 'mcu': Unable to open serial port: [Errno 2] could not open port usb-Klipper_stm32g0b1xx_490009000450415339373620-if00: [Errno 2] No such file or directory: 'usb-Klipper_stm32g0b1xx_490009000450415339373620-if00'
mcu 'mcu': Unable to open serial port: [Errno 2] could not open port usb-Klipper_stm32g0b1xx_490009000450415339373620-if00: [Errno 2] No such file or directory: 'usb-Klipper_stm32g0b1xx_490009000450415339373620-if00'
mcu 'mcu': Unable to open serial port: [Errno 2] could not open port usb-Klipper_stm32g0b1xx_490009000450415339373620-if00: [Errno 2] No such file or directory: 'usb-Klipper_stm32g0b1xx_490009000450415339373620-if00'
mcu 'mcu': Unable to open serial port: [Errno 2] could not open port usb-Klipper_stm32g0b1xx_490009000450415339373620-if00: [Errno 2] No such file or directory: 'usb-Klipper_stm32g0b1xx_490009000450415339373620-if00'
mcu 'mcu': Unable to open serial port: [Errno 2] could not open port usb-Klipper_stm32g0b1xx_490009000450415339373620-if00: [Errno 2] No such file or directory: 'usb-Klipper_stm32g0b1xx_490009000450415339373620-if00'
mcu 'mcu': Unable to open serial port: [Errno 2] could not open port usb-Klipper_stm32g0b1xx_490009000450415339373620-if00: [Errno 2] No such file or directory: 'usb-Klipper_stm32g0b1xx_490009000450415339373620-if00'
MCU error during connect
Traceback (most recent call last):
  File "/home/wheatley/klipper/klippy/mcu.py", line 801, in _mcu_identify
    self._serial.connect_uart(self._serialport, self._baud, rts)
  File "/home/wheatley/klipper/klippy/serialhdl.py", line 182, in connect_uart
    self._error("Unable to connect")
  File "/home/wheatley/klipper/klippy/serialhdl.py", line 61, in _error
    raise error(self.warn_prefix + (msg % params))
serialhdl.error: mcu 'mcu': Unable to connect

During handling of the above exception, another exception occurred:

Traceback (most recent call last):
  File "/home/wheatley/klipper/klippy/klippy.py", line 176, in _connect
    self.send_event("klippy:mcu_identify")
  File "/home/wheatley/klipper/klippy/klippy.py", line 263, in send_event
    return [cb(*params) for cb in self.event_handlers.get(event, [])]
  File "/home/wheatley/klipper/klippy/klippy.py", line 263, in <listcomp>
    return [cb(*params) for cb in self.event_handlers.get(event, [])]
  File "/home/wheatley/klipper/klippy/mcu.py", line 806, in _mcu_identify
    raise error(str(e))
mcu.error: mcu 'mcu': Unable to connect
No build file /home/wheatley/klipper/klippy/../.config
No build file /home/wheatley/klipper/klippy/../out/klipper.dict
No build file /home/wheatley/klipper/klippy/../out/klipper.elf
webhooks client 1965373016: Disconnected
Restarting printer
Start printer at Thu Jan  4 19:05:46 2024 (1704420347.0 490.0)
===== Config file =====
[virtual_sdcard]
path = ~/printer_data/gcodes
on_error_gcode = CANCEL_PRINT

[pause_resume]

[display_status]

[respond]

[gcode_macro CANCEL_PRINT]
description = Cancel the actual running print
rename_existing = CANCEL_PRINT_BASE
gcode = 
	
	{% set client = printer['gcode_macro _CLIENT_VARIABLE']|default({}) %}
	{% set allow_park = client.park_at_cancel|default(false)|lower == 'true' %}
	{% set retract = client.cancel_retract|default(5.0)|abs %}
	
	{% set park_x = "" if (client.park_at_cancel_x|default(none) is none)
	else "X=" ~ client.park_at_cancel_x %}
	{% set park_y = "" if (client.park_at_cancel_y|default(none) is none)
	else "Y=" ~ client.park_at_cancel_y %}
	{% set custom_park = park_x|length > 0 or park_y|length > 0 %}
	
	
	{% if printer['gcode_macro RESUME'].restore_idle_timeout > 0 %}
	SET_IDLE_TIMEOUT TIMEOUT={printer['gcode_macro RESUME'].restore_idle_timeout}
	{% endif %}
	{% if (custom_park or not printer.pause_resume.is_paused) and allow_park %} _TOOLHEAD_PARK_PAUSE_CANCEL {park_x} {park_y} {% endif %}
	_CLIENT_RETRACT LENGTH={retract}
	TURN_OFF_HEATERS
	M106 S0
	{client.user_cancel_macro|default("")}
	SET_GCODE_VARIABLE MACRO=RESUME VARIABLE=idle_state VALUE=False
	
	SET_PAUSE_NEXT_LAYER ENABLE=0
	SET_PAUSE_AT_LAYER ENABLE=0 LAYER=0
	CANCEL_PRINT_BASE

[gcode_macro PAUSE]
description = Pause the actual running print
rename_existing = PAUSE_BASE
gcode = 
	
	{% set client = printer['gcode_macro _CLIENT_VARIABLE']|default({}) %}
	{% set idle_timeout = client.idle_timeout|default(0) %}
	{% set temp = printer[printer.toolhead.extruder].target if printer.toolhead.extruder != '' else 0 %}
	{% set restore = False if printer.toolhead.extruder == ''
	else True  if params.RESTORE|default(1)|int == 1 else False %}
	
	SET_GCODE_VARIABLE MACRO=RESUME VARIABLE=last_extruder_temp VALUE="{{'restore': restore, 'temp': temp}}"
	
	{% if idle_timeout > 0 %}
	SET_GCODE_VARIABLE MACRO=RESUME VARIABLE=restore_idle_timeout VALUE={printer.configfile.settings.idle_timeout.timeout}
	SET_IDLE_TIMEOUT TIMEOUT={idle_timeout}
	{% endif %}
	PAUSE_BASE
	{client.user_pause_macro|default("")}
	_TOOLHEAD_PARK_PAUSE_CANCEL {rawparams}

[gcode_macro RESUME]
description = Resume the actual running print
rename_existing = RESUME_BASE
variable_last_extruder_temp = {'restore': False, 'temp': 0}
variable_restore_idle_timeout = 0
variable_idle_state = False
gcode = 
	
	{% set client = printer['gcode_macro _CLIENT_VARIABLE']|default({}) %}
	{% set velocity = printer.configfile.settings.pause_resume.recover_velocity %}
	{% set sp_move = client.speed_move|default(velocity) %}
	{% set runout_resume = True if client.runout_sensor|default("") == ""
	else True if not printer[client.runout_sensor].enabled
	else printer[client.runout_sensor].filament_detected %}
	{% set can_extrude = True if printer.toolhead.extruder == ''
	else printer[printer.toolhead.extruder].can_extrude %}
	{% set do_resume = False %}
	{% set prompt_txt = [] %}
	
	
	{% if printer.idle_timeout.state|upper == "IDLE" or idle_state %}
	SET_GCODE_VARIABLE MACRO=RESUME VARIABLE=idle_state VALUE=False
	{% if last_extruder_temp.restore %}
	
	RESPOND TYPE=echo MSG='{"Restoring \"%s\" temperature to %3.1f\u00B0C, this may take some time" % (printer.toolhead.extruder, last_extruder_temp.temp) }'
	M109 S{last_extruder_temp.temp}
	{% set do_resume = True %}
	{% elif can_extrude %}
	{% set do_resume = True %}
	{% else %}
	RESPOND TYPE=error MSG='{"Resume aborted !!! \"%s\" not hot enough, please heat up again and press RESUME" % printer.toolhead.extruder}'
	{% set _d = prompt_txt.append("\"%s\" not hot enough, please heat up again and press RESUME" % printer.toolhead.extruder) %}
	{% endif %}
	
	{% elif can_extrude %}
	{% set do_resume = True %}
	{% else %}
	RESPOND TYPE=error MSG='{"Resume aborted !!! \"%s\" not hot enough, please heat up again and press RESUME" % printer.toolhead.extruder}'
	{% set _d = prompt_txt.append("\"%s\" not hot enough, please heat up again and press RESUME" % printer.toolhead.extruder) %}
	{% endif %}
	{% if runout_resume %}
	{% if do_resume %}
	{% if restore_idle_timeout > 0 %} SET_IDLE_TIMEOUT TIMEOUT={restore_idle_timeout} {% endif %}
	{client.user_resume_macro|default("")}
	_CLIENT_EXTRUDE
	RESUME_BASE VELOCITY={params.VELOCITY|default(sp_move)}
	{% endif %}
	{% else %}
	RESPOND TYPE=error MSG='{"Resume aborted !!! \"%s\" detects no filament, please load filament and press RESUME" % (client.runout_sensor.split(" "))[1]}'
	{% set _d = prompt_txt.append("\"%s\" detects no filament, please load filament and press RESUME" % (client.runout_sensor.split(" "))[1]) %}
	{% endif %}
	
	{% if not (runout_resume and do_resume) %}
	RESPOND TYPE=command MSG="action:prompt_begin RESUME aborted !!!"
	{% for element in prompt_txt %}
	RESPOND TYPE=command MSG='{"action:prompt_text %s" % element}'
	{% endfor %}
	RESPOND TYPE=command MSG="action:prompt_footer_button Ok|RESPOND TYPE=command MSG=action:prompt_end|info"
	RESPOND TYPE=command MSG="action:prompt_show"
	{% endif %}

[gcode_macro SET_PAUSE_NEXT_LAYER]
description = Enable a pause if the next layer is reached
gcode = 
	{% set pause_next_layer = printer['gcode_macro SET_PRINT_STATS_INFO'].pause_next_layer %}
	{% set ENABLE = params.ENABLE|default(1)|int != 0 %}
	{% set MACRO = params.MACRO|default(pause_next_layer.call, True) %}
	SET_GCODE_VARIABLE MACRO=SET_PRINT_STATS_INFO VARIABLE=pause_next_layer VALUE="{{ 'enable': ENABLE, 'call': MACRO }}"

[gcode_macro SET_PAUSE_AT_LAYER]
description = Enable/disable a pause if a given layer number is reached
gcode = 
	{% set pause_at_layer = printer['gcode_macro SET_PRINT_STATS_INFO'].pause_at_layer %}
	{% set ENABLE = params.ENABLE|int != 0 if params.ENABLE is defined
	else params.LAYER is defined %}
	{% set LAYER = params.LAYER|default(pause_at_layer.layer)|int %}
	{% set MACRO = params.MACRO|default(pause_at_layer.call, True) %}
	SET_GCODE_VARIABLE MACRO=SET_PRINT_STATS_INFO VARIABLE=pause_at_layer VALUE="{{ 'enable': ENABLE, 'layer': LAYER, 'call': MACRO }}"

[gcode_macro SET_PRINT_STATS_INFO]
rename_existing = SET_PRINT_STATS_INFO_BASE
description = Overwrite, to get pause_next_layer and pause_at_layer feature
variable_pause_next_layer = { 'enable': False, 'call': "PAUSE" }
variable_pause_at_layer = { 'enable': False, 'layer': 0, 'call': "PAUSE" }
gcode = 
	{% if pause_next_layer.enable %}
	RESPOND TYPE=echo MSG='{"%s, forced by pause_next_layer" % pause_next_layer.call}'
	{pause_next_layer.call}
	SET_PAUSE_NEXT_LAYER ENABLE=0
	{% elif pause_at_layer.enable and params.CURRENT_LAYER is defined and params.CURRENT_LAYER|int == pause_at_layer.layer %}
	RESPOND TYPE=echo MSG='{"%s, forced by pause_at_layer [%d]" % (pause_at_layer.call, pause_at_layer.layer)}'
	{pause_at_layer.call}
	SET_PAUSE_AT_LAYER ENABLE=0
	{% endif %}
	SET_PRINT_STATS_INFO_BASE {rawparams}

[gcode_macro _TOOLHEAD_PARK_PAUSE_CANCEL]
description = Helper: park toolhead used in PAUSE and CANCEL_PRINT
gcode = 
	
	{% set client = printer['gcode_macro _CLIENT_VARIABLE']|default({}) %}
	{% set velocity = printer.configfile.settings.pause_resume.recover_velocity %}
	{% set use_custom     = client.use_custom_pos|default(false)|lower == 'true' %}
	{% set custom_park_x  = client.custom_park_x|default(0.0) %}
	{% set custom_park_y  = client.custom_park_y|default(0.0) %}
	{% set park_dz        = client.custom_park_dz|default(2.0)|abs %}
	{% set sp_hop         = client.speed_hop|default(15) * 60 %}
	{% set sp_move        = client.speed_move|default(velocity) * 60 %}
	
	{% set origin    = printer.gcode_move.homing_origin %}
	{% set act       = printer.gcode_move.gcode_position %}
	{% set max       = printer.toolhead.axis_maximum %}
	{% set cone      = printer.toolhead.cone_start_z|default(max.z) %}
	{% set round_bed = True if printer.configfile.settings.printer.kinematics is in ['delta','polar','rotary_delta','winch']
	else False %}
	
	{% set z_min = params.Z_MIN|default(0)|float %}
	{% set z_park = [[(act.z + park_dz), z_min]|max, (max.z - origin.z)]|min %}
	{% set x_park = params.X       if params.X is defined
	else custom_park_x  if use_custom
	else 0.0            if round_bed
	else (max.x - 5.0) %}
	{% set y_park = params.Y       if params.Y is defined
	else custom_park_y  if use_custom
	else (max.y - 5.0)  if round_bed and z_park < cone
	else 0.0            if round_bed
	else (max.y - 5.0) %}
	
	_CLIENT_RETRACT
	{% if "xyz" in printer.toolhead.homed_axes %}
	G90
	G1 Z{z_park} F{sp_hop}
	G1 X{x_park} Y{y_park} F{sp_move}
	{% if not printer.gcode_move.absolute_coordinates %} G91 {% endif %}
	{% else %}
	RESPOND TYPE=echo MSG='Printer not homed'
	{% endif %}

[gcode_macro _CLIENT_EXTRUDE]
description = Extrudes, if the extruder is hot enough
gcode = 
	
	{% set client = printer['gcode_macro _CLIENT_VARIABLE']|default({}) %}
	{% set use_fw_retract = (client.use_fw_retract|default(false)|lower == 'true') and (printer.firmware_retraction is defined) %}
	{% set length = params.LENGTH|default(client.unretract)|default(1.0)|float %}
	{% set speed = params.SPEED|default(client.speed_unretract)|default(35) %}
	{% set absolute_extrude = printer.gcode_move.absolute_extrude %}
	
	{% if printer.toolhead.extruder != '' %}
	{% if printer[printer.toolhead.extruder].can_extrude %}
	{% if use_fw_retract %}
	{% if length < 0 %}
	G10
	{% else %}
	G11
	{% endif %}
	{% else %}
	M83
	G1 E{length} F{(speed|float|abs) * 60}
	{% if absolute_extrude %}
	M82
	{% endif %}
	{% endif %}
	{% else %}
	RESPOND TYPE=echo MSG='{"\"%s\" not hot enough" % printer.toolhead.extruder}'
	{% endif %}
	{% endif %}

[gcode_macro _CLIENT_RETRACT]
description = Retracts, if the extruder is hot enough
gcode = 
	{% set client = printer['gcode_macro _CLIENT_VARIABLE']|default({}) %}
	{% set length = params.LENGTH|default(client.retract)|default(1.0)|float %}
	{% set speed = params.SPEED|default(client.speed_retract)|default(35) %}
	
	_CLIENT_EXTRUDE LENGTH=-{length|float|abs} SPEED={speed|float|abs}

[stepper_x]
step_pin = PB13
dir_pin = !PB12
enable_pin = !PB14
microsteps = 16
rotation_distance = 40
endstop_pin = ^PC0
position_endstop = 0
position_max = 230
homing_speed = 50

[tmc2209 stepper_x]
uart_pin = PC11
tx_pin = PC10
uart_address = 0
run_current = 0.580

[stepper_y]
step_pin = PB10
dir_pin = !PB2
enable_pin = !PB11
microsteps = 16
rotation_distance = 40
endstop_pin = ^PC1
position_endstop = 0
position_max = 230
homing_speed = 50

[tmc2209 stepper_y]
uart_pin = PC11
tx_pin = PC10
uart_address = 2
run_current = 0.580

[stepper_z]
step_pin = PB0
dir_pin = PC5
enable_pin = !PB1
microsteps = 16
rotation_distance = 8
endstop_pin = probe:z_virtual_endstop
position_max = 230
position_min = -2

[tmc2209 stepper_z]
uart_pin = PC11
tx_pin = PC10
uart_address = 1
run_current = 0.750

[extruder]
step_pin = PB3
dir_pin = !PB4
enable_pin = !PD1
microsteps = 16
rotation_distance = 33.500
nozzle_diameter = 0.400
filament_diameter = 1.750
heater_pin = PC8
sensor_type = EPCOS 100K B57560G104F
sensor_pin = PA0
control = pid
pid_kp = 21.527
pid_ki = 1.063
pid_kd = 108.982
min_temp = 0
max_temp = 250

[tmc2209 extruder]
uart_pin = PC11
tx_pin = PC10
uart_address = 3
run_current = 0.650

[heater_bed]
heater_pin = PC9
sensor_type = EPCOS 100K B57560G104F
sensor_pin = PC4
control = pid
pid_kp = 54.027
pid_ki = 0.770
pid_kd = 948.182
min_temp = 0
max_temp = 130

[heater_fan heatbreak_cooling_fan]
pin = PC7

[heater_fan controller_fan]
pin = PB15

[fan]
pin = PC6

[mcu]
serial = usb-Klipper_stm32g0b1xx_490009000450415339373620-if00

[printer]
kinematics = cartesian
max_velocity = 300
max_accel = 3000
max_z_velocity = 5
max_z_accel = 100

[board_pins]
aliases = 
	
	EXP1_1=PB5,  EXP1_3=PA9,   EXP1_5=PA10, EXP1_7=PB8, EXP1_9=<GND>,
	EXP1_2=PA15, EXP1_4=<RST>, EXP1_6=PB9,  EXP1_8=PD6, EXP1_10=<5V>

[bltouch]
sensor_pin = ^PC14
control_pin = PA1
x_offset = -17.1
y_offset = -3.0
z_offset = 2.000
speed = 3.0
samples = 2
samples_result = median
sample_retract_dist = 8.0
samples_tolerance = 0.01
samples_tolerance_retries = 3

[bed_mesh]
speed = 75
horizontal_move_z = 8
mesh_min = 25, 25
mesh_max = 150, 210
probe_count = 5
fade_start = 0
mesh_pps = 2, 2
algorithm = bicubic
move_check_distance = 5
=======================
Extruder max_extrude_ratio=0.266081
mcu 'mcu': Starting serial connect
mcu 'mcu': Unable to open serial port: [Errno 2] could not open port usb-Klipper_stm32g0b1xx_490009000450415339373620-if00: [Errno 2] No such file or directory: 'usb-Klipper_stm32g0b1xx_490009000450415339373620-if00'
webhooks client 1970354160: New connection
webhooks client 1970354160: Client info {'program': 'Moonraker', 'version': 'v0.8.0-243-g84a8538'}
mcu 'mcu': Unable to open serial port: [Errno 2] could not open port usb-Klipper_stm32g0b1xx_490009000450415339373620-if00: [Errno 2] No such file or directory: 'usb-Klipper_stm32g0b1xx_490009000450415339373620-if00'
mcu 'mcu': Unable to open serial port: [Errno 2] could not open port usb-Klipper_stm32g0b1xx_490009000450415339373620-if00: [Errno 2] No such file or directory: 'usb-Klipper_stm32g0b1xx_490009000450415339373620-if00'
mcu 'mcu': Unable to open serial port: [Errno 2] could not open port usb-Klipper_stm32g0b1xx_490009000450415339373620-if00: [Errno 2] No such file or directory: 'usb-Klipper_stm32g0b1xx_490009000450415339373620-if00'
mcu 'mcu': Unable to open serial port: [Errno 2] could not open port usb-Klipper_stm32g0b1xx_490009000450415339373620-if00: [Errno 2] No such file or directory: 'usb-Klipper_stm32g0b1xx_490009000450415339373620-if00'
mcu 'mcu': Unable to open serial port: [Errno 2] could not open port usb-Klipper_stm32g0b1xx_490009000450415339373620-if00: [Errno 2] No such file or directory: 'usb-Klipper_stm32g0b1xx_490009000450415339373620-if00'
mcu 'mcu': Unable to open serial port: [Errno 2] could not open port usb-Klipper_stm32g0b1xx_490009000450415339373620-if00: [Errno 2] No such file or directory: 'usb-Klipper_stm32g0b1xx_490009000450415339373620-if00'
mcu 'mcu': Unable to open serial port: [Errno 2] could not open port usb-Klipper_stm32g0b1xx_490009000450415339373620-if00: [Errno 2] No such file or directory: 'usb-Klipper_stm32g0b1xx_490009000450415339373620-if00'
mcu 'mcu': Unable to open serial port: [Errno 2] could not open port usb-Klipper_stm32g0b1xx_490009000450415339373620-if00: [Errno 2] No such file or directory: 'usb-Klipper_stm32g0b1xx_490009000450415339373620-if00'
mcu 'mcu': Unable to open serial port: [Errno 2] could not open port usb-Klipper_stm32g0b1xx_490009000450415339373620-if00: [Errno 2] No such file or directory: 'usb-Klipper_stm32g0b1xx_490009000450415339373620-if00'
mcu 'mcu': Unable to open serial port: [Errno 2] could not open port usb-Klipper_stm32g0b1xx_490009000450415339373620-if00: [Errno 2] No such file or directory: 'usb-Klipper_stm32g0b1xx_490009000450415339373620-if00'
mcu 'mcu': Unable to open serial port: [Errno 2] could not open port usb-Klipper_stm32g0b1xx_490009000450415339373620-if00: [Errno 2] No such file or directory: 'usb-Klipper_stm32g0b1xx_490009000450415339373620-if00'
mcu 'mcu': Unable to open serial port: [Errno 2] could not open port usb-Klipper_stm32g0b1xx_490009000450415339373620-if00: [Errno 2] No such file or directory: 'usb-Klipper_stm32g0b1xx_490009000450415339373620-if00'
mcu 'mcu': Unable to open serial port: [Errno 2] could not open port usb-Klipper_stm32g0b1xx_490009000450415339373620-if00: [Errno 2] No such file or directory: 'usb-Klipper_stm32g0b1xx_490009000450415339373620-if00'
mcu 'mcu': Unable to open serial port: [Errno 2] could not open port usb-Klipper_stm32g0b1xx_490009000450415339373620-if00: [Errno 2] No such file or directory: 'usb-Klipper_stm32g0b1xx_490009000450415339373620-if00'
mcu 'mcu': Unable to open serial port: [Errno 2] could not open port usb-Klipper_stm32g0b1xx_490009000450415339373620-if00: [Errno 2] No such file or directory: 'usb-Klipper_stm32g0b1xx_490009000450415339373620-if00'
mcu 'mcu': Unable to open serial port: [Errno 2] could not open port usb-Klipper_stm32g0b1xx_490009000450415339373620-if00: [Errno 2] No such file or directory: 'usb-Klipper_stm32g0b1xx_490009000450415339373620-if00'
mcu 'mcu': Unable to open serial port: [Errno 2] could not open port usb-Klipper_stm32g0b1xx_490009000450415339373620-if00: [Errno 2] No such file or directory: 'usb-Klipper_stm32g0b1xx_490009000450415339373620-if00'
MCU error during connect
Traceback (most recent call last):
  File "/home/wheatley/klipper/klippy/mcu.py", line 801, in _mcu_identify
    self._serial.connect_uart(self._serialport, self._baud, rts)
  File "/home/wheatley/klipper/klippy/serialhdl.py", line 182, in connect_uart
    self._error("Unable to connect")
  File "/home/wheatley/klipper/klippy/serialhdl.py", line 61, in _error
    raise error(self.warn_prefix + (msg % params))
serialhdl.error: mcu 'mcu': Unable to connect

During handling of the above exception, another exception occurred:

Traceback (most recent call last):
  File "/home/wheatley/klipper/klippy/klippy.py", line 176, in _connect
    self.send_event("klippy:mcu_identify")
  File "/home/wheatley/klipper/klippy/klippy.py", line 263, in send_event
    return [cb(*params) for cb in self.event_handlers.get(event, [])]
  File "/home/wheatley/klipper/klippy/klippy.py", line 263, in <listcomp>
    return [cb(*params) for cb in self.event_handlers.get(event, [])]
  File "/home/wheatley/klipper/klippy/mcu.py", line 806, in _mcu_identify
    raise error(str(e))
mcu.error: mcu 'mcu': Unable to connect
No build file /home/wheatley/klipper/klippy/../.config
No build file /home/wheatley/klipper/klippy/../out/klipper.dict
No build file /home/wheatley/klipper/klippy/../out/klipper.elf
webhooks client 1970354160: Disconnected
Starting Klippy...
Args: ['/home/wheatley/klipper/klippy/klippy.py', '/home/wheatley/printer_data/config/printer.cfg', '-l', '/home/wheatley/printer_data/logs/klippy.log', '-I', '/home/wheatley/printer_data/comms/klippy.serial', '-a', '/home/wheatley/printer_data/comms/klippy.sock']
Git version: 'v0.12.0-60-g0665dc89'
Branch: master
Remote: origin
Tracked URL: https://github.com/Klipper3d/klipper.git
CPU: 4 core ARMv7 Processor rev 4 (v7l)
Python: '3.9.2 (default, Mar 12 2021, 04:06:34) \n[GCC 10.2.1 20210110]'
Start printer at Thu Jan  4 19:22:07 2024 (1704421327.1 1470.1)
===== Config file =====
[virtual_sdcard]
path = ~/printer_data/gcodes
on_error_gcode = CANCEL_PRINT

[pause_resume]

[display_status]

[respond]

[gcode_macro CANCEL_PRINT]
description = Cancel the actual running print
rename_existing = CANCEL_PRINT_BASE
gcode = 
	
	{% set client = printer['gcode_macro _CLIENT_VARIABLE']|default({}) %}
	{% set allow_park = client.park_at_cancel|default(false)|lower == 'true' %}
	{% set retract = client.cancel_retract|default(5.0)|abs %}
	
	{% set park_x = "" if (client.park_at_cancel_x|default(none) is none)
	else "X=" ~ client.park_at_cancel_x %}
	{% set park_y = "" if (client.park_at_cancel_y|default(none) is none)
	else "Y=" ~ client.park_at_cancel_y %}
	{% set custom_park = park_x|length > 0 or park_y|length > 0 %}
	
	
	{% if printer['gcode_macro RESUME'].restore_idle_timeout > 0 %}
	SET_IDLE_TIMEOUT TIMEOUT={printer['gcode_macro RESUME'].restore_idle_timeout}
	{% endif %}
	{% if (custom_park or not printer.pause_resume.is_paused) and allow_park %} _TOOLHEAD_PARK_PAUSE_CANCEL {park_x} {park_y} {% endif %}
	_CLIENT_RETRACT LENGTH={retract}
	TURN_OFF_HEATERS
	M106 S0
	{client.user_cancel_macro|default("")}
	SET_GCODE_VARIABLE MACRO=RESUME VARIABLE=idle_state VALUE=False
	
	SET_PAUSE_NEXT_LAYER ENABLE=0
	SET_PAUSE_AT_LAYER ENABLE=0 LAYER=0
	CANCEL_PRINT_BASE

[gcode_macro PAUSE]
description = Pause the actual running print
rename_existing = PAUSE_BASE
gcode = 
	
	{% set client = printer['gcode_macro _CLIENT_VARIABLE']|default({}) %}
	{% set idle_timeout = client.idle_timeout|default(0) %}
	{% set temp = printer[printer.toolhead.extruder].target if printer.toolhead.extruder != '' else 0 %}
	{% set restore = False if printer.toolhead.extruder == ''
	else True  if params.RESTORE|default(1)|int == 1 else False %}
	
	SET_GCODE_VARIABLE MACRO=RESUME VARIABLE=last_extruder_temp VALUE="{{'restore': restore, 'temp': temp}}"
	
	{% if idle_timeout > 0 %}
	SET_GCODE_VARIABLE MACRO=RESUME VARIABLE=restore_idle_timeout VALUE={printer.configfile.settings.idle_timeout.timeout}
	SET_IDLE_TIMEOUT TIMEOUT={idle_timeout}
	{% endif %}
	PAUSE_BASE
	{client.user_pause_macro|default("")}
	_TOOLHEAD_PARK_PAUSE_CANCEL {rawparams}

[gcode_macro RESUME]
description = Resume the actual running print
rename_existing = RESUME_BASE
variable_last_extruder_temp = {'restore': False, 'temp': 0}
variable_restore_idle_timeout = 0
variable_idle_state = False
gcode = 
	
	{% set client = printer['gcode_macro _CLIENT_VARIABLE']|default({}) %}
	{% set velocity = printer.configfile.settings.pause_resume.recover_velocity %}
	{% set sp_move = client.speed_move|default(velocity) %}
	{% set runout_resume = True if client.runout_sensor|default("") == ""
	else True if not printer[client.runout_sensor].enabled
	else printer[client.runout_sensor].filament_detected %}
	{% set can_extrude = True if printer.toolhead.extruder == ''
	else printer[printer.toolhead.extruder].can_extrude %}
	{% set do_resume = False %}
	{% set prompt_txt = [] %}
	
	
	{% if printer.idle_timeout.state|upper == "IDLE" or idle_state %}
	SET_GCODE_VARIABLE MACRO=RESUME VARIABLE=idle_state VALUE=False
	{% if last_extruder_temp.restore %}
	
	RESPOND TYPE=echo MSG='{"Restoring \"%s\" temperature to %3.1f\u00B0C, this may take some time" % (printer.toolhead.extruder, last_extruder_temp.temp) }'
	M109 S{last_extruder_temp.temp}
	{% set do_resume = True %}
	{% elif can_extrude %}
	{% set do_resume = True %}
	{% else %}
	RESPOND TYPE=error MSG='{"Resume aborted !!! \"%s\" not hot enough, please heat up again and press RESUME" % printer.toolhead.extruder}'
	{% set _d = prompt_txt.append("\"%s\" not hot enough, please heat up again and press RESUME" % printer.toolhead.extruder) %}
	{% endif %}
	
	{% elif can_extrude %}
	{% set do_resume = True %}
	{% else %}
	RESPOND TYPE=error MSG='{"Resume aborted !!! \"%s\" not hot enough, please heat up again and press RESUME" % printer.toolhead.extruder}'
	{% set _d = prompt_txt.append("\"%s\" not hot enough, please heat up again and press RESUME" % printer.toolhead.extruder) %}
	{% endif %}
	{% if runout_resume %}
	{% if do_resume %}
	{% if restore_idle_timeout > 0 %} SET_IDLE_TIMEOUT TIMEOUT={restore_idle_timeout} {% endif %}
	{client.user_resume_macro|default("")}
	_CLIENT_EXTRUDE
	RESUME_BASE VELOCITY={params.VELOCITY|default(sp_move)}
	{% endif %}
	{% else %}
	RESPOND TYPE=error MSG='{"Resume aborted !!! \"%s\" detects no filament, please load filament and press RESUME" % (client.runout_sensor.split(" "))[1]}'
	{% set _d = prompt_txt.append("\"%s\" detects no filament, please load filament and press RESUME" % (client.runout_sensor.split(" "))[1]) %}
	{% endif %}
	
	{% if not (runout_resume and do_resume) %}
	RESPOND TYPE=command MSG="action:prompt_begin RESUME aborted !!!"
	{% for element in prompt_txt %}
	RESPOND TYPE=command MSG='{"action:prompt_text %s" % element}'
	{% endfor %}
	RESPOND TYPE=command MSG="action:prompt_footer_button Ok|RESPOND TYPE=command MSG=action:prompt_end|info"
	RESPOND TYPE=command MSG="action:prompt_show"
	{% endif %}

[gcode_macro SET_PAUSE_NEXT_LAYER]
description = Enable a pause if the next layer is reached
gcode = 
	{% set pause_next_layer = printer['gcode_macro SET_PRINT_STATS_INFO'].pause_next_layer %}
	{% set ENABLE = params.ENABLE|default(1)|int != 0 %}
	{% set MACRO = params.MACRO|default(pause_next_layer.call, True) %}
	SET_GCODE_VARIABLE MACRO=SET_PRINT_STATS_INFO VARIABLE=pause_next_layer VALUE="{{ 'enable': ENABLE, 'call': MACRO }}"

[gcode_macro SET_PAUSE_AT_LAYER]
description = Enable/disable a pause if a given layer number is reached
gcode = 
	{% set pause_at_layer = printer['gcode_macro SET_PRINT_STATS_INFO'].pause_at_layer %}
	{% set ENABLE = params.ENABLE|int != 0 if params.ENABLE is defined
	else params.LAYER is defined %}
	{% set LAYER = params.LAYER|default(pause_at_layer.layer)|int %}
	{% set MACRO = params.MACRO|default(pause_at_layer.call, True) %}
	SET_GCODE_VARIABLE MACRO=SET_PRINT_STATS_INFO VARIABLE=pause_at_layer VALUE="{{ 'enable': ENABLE, 'layer': LAYER, 'call': MACRO }}"

[gcode_macro SET_PRINT_STATS_INFO]
rename_existing = SET_PRINT_STATS_INFO_BASE
description = Overwrite, to get pause_next_layer and pause_at_layer feature
variable_pause_next_layer = { 'enable': False, 'call': "PAUSE" }
variable_pause_at_layer = { 'enable': False, 'layer': 0, 'call': "PAUSE" }
gcode = 
	{% if pause_next_layer.enable %}
	RESPOND TYPE=echo MSG='{"%s, forced by pause_next_layer" % pause_next_layer.call}'
	{pause_next_layer.call}
	SET_PAUSE_NEXT_LAYER ENABLE=0
	{% elif pause_at_layer.enable and params.CURRENT_LAYER is defined and params.CURRENT_LAYER|int == pause_at_layer.layer %}
	RESPOND TYPE=echo MSG='{"%s, forced by pause_at_layer [%d]" % (pause_at_layer.call, pause_at_layer.layer)}'
	{pause_at_layer.call}
	SET_PAUSE_AT_LAYER ENABLE=0
	{% endif %}
	SET_PRINT_STATS_INFO_BASE {rawparams}

[gcode_macro _TOOLHEAD_PARK_PAUSE_CANCEL]
description = Helper: park toolhead used in PAUSE and CANCEL_PRINT
gcode = 
	
	{% set client = printer['gcode_macro _CLIENT_VARIABLE']|default({}) %}
	{% set velocity = printer.configfile.settings.pause_resume.recover_velocity %}
	{% set use_custom     = client.use_custom_pos|default(false)|lower == 'true' %}
	{% set custom_park_x  = client.custom_park_x|default(0.0) %}
	{% set custom_park_y  = client.custom_park_y|default(0.0) %}
	{% set park_dz        = client.custom_park_dz|default(2.0)|abs %}
	{% set sp_hop         = client.speed_hop|default(15) * 60 %}
	{% set sp_move        = client.speed_move|default(velocity) * 60 %}
	
	{% set origin    = printer.gcode_move.homing_origin %}
	{% set act       = printer.gcode_move.gcode_position %}
	{% set max       = printer.toolhead.axis_maximum %}
	{% set cone      = printer.toolhead.cone_start_z|default(max.z) %}
	{% set round_bed = True if printer.configfile.settings.printer.kinematics is in ['delta','polar','rotary_delta','winch']
	else False %}
	
	{% set z_min = params.Z_MIN|default(0)|float %}
	{% set z_park = [[(act.z + park_dz), z_min]|max, (max.z - origin.z)]|min %}
	{% set x_park = params.X       if params.X is defined
	else custom_park_x  if use_custom
	else 0.0            if round_bed
	else (max.x - 5.0) %}
	{% set y_park = params.Y       if params.Y is defined
	else custom_park_y  if use_custom
	else (max.y - 5.0)  if round_bed and z_park < cone
	else 0.0            if round_bed
	else (max.y - 5.0) %}
	
	_CLIENT_RETRACT
	{% if "xyz" in printer.toolhead.homed_axes %}
	G90
	G1 Z{z_park} F{sp_hop}
	G1 X{x_park} Y{y_park} F{sp_move}
	{% if not printer.gcode_move.absolute_coordinates %} G91 {% endif %}
	{% else %}
	RESPOND TYPE=echo MSG='Printer not homed'
	{% endif %}

[gcode_macro _CLIENT_EXTRUDE]
description = Extrudes, if the extruder is hot enough
gcode = 
	
	{% set client = printer['gcode_macro _CLIENT_VARIABLE']|default({}) %}
	{% set use_fw_retract = (client.use_fw_retract|default(false)|lower == 'true') and (printer.firmware_retraction is defined) %}
	{% set length = params.LENGTH|default(client.unretract)|default(1.0)|float %}
	{% set speed = params.SPEED|default(client.speed_unretract)|default(35) %}
	{% set absolute_extrude = printer.gcode_move.absolute_extrude %}
	
	{% if printer.toolhead.extruder != '' %}
	{% if printer[printer.toolhead.extruder].can_extrude %}
	{% if use_fw_retract %}
	{% if length < 0 %}
	G10
	{% else %}
	G11
	{% endif %}
	{% else %}
	M83
	G1 E{length} F{(speed|float|abs) * 60}
	{% if absolute_extrude %}
	M82
	{% endif %}
	{% endif %}
	{% else %}
	RESPOND TYPE=echo MSG='{"\"%s\" not hot enough" % printer.toolhead.extruder}'
	{% endif %}
	{% endif %}

[gcode_macro _CLIENT_RETRACT]
description = Retracts, if the extruder is hot enough
gcode = 
	{% set client = printer['gcode_macro _CLIENT_VARIABLE']|default({}) %}
	{% set length = params.LENGTH|default(client.retract)|default(1.0)|float %}
	{% set speed = params.SPEED|default(client.speed_retract)|default(35) %}
	
	_CLIENT_EXTRUDE LENGTH=-{length|float|abs} SPEED={speed|float|abs}

[stepper_x]
step_pin = PB13
dir_pin = !PB12
enable_pin = !PB14
microsteps = 16
rotation_distance = 40
endstop_pin = ^PC0
position_endstop = 0
position_max = 230
homing_speed = 50

[tmc2209 stepper_x]
uart_pin = PC11
tx_pin = PC10
uart_address = 0
run_current = 0.580

[stepper_y]
step_pin = PB10
dir_pin = !PB2
enable_pin = !PB11
microsteps = 16
rotation_distance = 40
endstop_pin = ^PC1
position_endstop = 0
position_max = 230
homing_speed = 50

[tmc2209 stepper_y]
uart_pin = PC11
tx_pin = PC10
uart_address = 2
run_current = 0.580

[stepper_z]
step_pin = PB0
dir_pin = PC5
enable_pin = !PB1
microsteps = 16
rotation_distance = 8
endstop_pin = probe:z_virtual_endstop
position_max = 230
position_min = -2

[tmc2209 stepper_z]
uart_pin = PC11
tx_pin = PC10
uart_address = 1
run_current = 0.750

[extruder]
step_pin = PB3
dir_pin = !PB4
enable_pin = !PD1
microsteps = 16
rotation_distance = 33.500
nozzle_diameter = 0.400
filament_diameter = 1.750
heater_pin = PC8
sensor_type = EPCOS 100K B57560G104F
sensor_pin = PA0
control = pid
pid_kp = 21.527
pid_ki = 1.063
pid_kd = 108.982
min_temp = 0
max_temp = 250

[tmc2209 extruder]
uart_pin = PC11
tx_pin = PC10
uart_address = 3
run_current = 0.650

[heater_bed]
heater_pin = PC9
sensor_type = EPCOS 100K B57560G104F
sensor_pin = PC4
control = pid
pid_kp = 54.027
pid_ki = 0.770
pid_kd = 948.182
min_temp = 0
max_temp = 130

[heater_fan heatbreak_cooling_fan]
pin = PC7

[heater_fan controller_fan]
pin = PB15

[fan]
pin = PC6

[mcu]
serial = /dev/serial/by-id/usb-Klipper_stm32g0b1xx_490009000450415339373620-if00
baud = 250000

[printer]
kinematics = cartesian
max_velocity = 300
max_accel = 3000
max_z_velocity = 5
max_z_accel = 100

[board_pins]
aliases = 
	
	EXP1_1=PB5,  EXP1_3=PA9,   EXP1_5=PA10, EXP1_7=PB8, EXP1_9=<GND>,
	EXP1_2=PA15, EXP1_4=<RST>, EXP1_6=PB9,  EXP1_8=PD6, EXP1_10=<5V>

[bltouch]
sensor_pin = ^PC14
control_pin = PA1
x_offset = -17.1
y_offset = -3.0
z_offset = 2.000
speed = 3.0
samples = 2
samples_result = median
sample_retract_dist = 8.0
samples_tolerance = 0.01
samples_tolerance_retries = 3

[bed_mesh]
speed = 75
horizontal_move_z = 8
mesh_min = 25, 25
mesh_max = 150, 210
probe_count = 5
fade_start = 0
mesh_pps = 2, 2
algorithm = bicubic
move_check_distance = 5
=======================
Extruder max_extrude_ratio=0.266081
mcu 'mcu': Starting serial connect
mcu 'mcu': got {'count': 366, 'sum': 462661, 'sumsq': 4693910, '#name': 'stats', '#sent_time': 1471.410586574, '#receive_time': 1471.418968606}
Loaded MCU 'mcu' 112 commands (v0.12.0-58-g25bc649c / gcc: (15:8-2019-q3-1+b1) 8.3.1 20190703 (release) [gcc-8-branch revision 273027] binutils: (2.34-4+rpi1+14) 2.34)
MCU 'mcu' config: ADC_MAX=4095 BUS_PINS_i2c1_PA9_PA10=PA9,PA10 BUS_PINS_i2c1_PB6_PB7=PB6,PB7 BUS_PINS_i2c1_PB8_PB9=PB8,PB9 BUS_PINS_i2c2_PB10_PB11=PB10,PB11 BUS_PINS_i2c2_PB13_PB14=PB13,PB14 BUS_PINS_i2c3_PB3_PB4=PB3,PB4 BUS_PINS_spi1=PA6,PA7,PA5 BUS_PINS_spi1a=PB4,PB5,PB3 BUS_PINS_spi2=PB14,PB15,PB13 BUS_PINS_spi2a=PC2,PC3,PB10 BUS_PINS_spi3=PB4,PB5,PB3 CLOCK_FREQ=64000000 MCU=stm32g0b1xx PWM_MAX=255 RESERVE_PINS_USB=PA11,PA12 RESERVE_PINS_crystal=PF0,PF1 STATS_SUMSQ_BASE=256 STEPPER_BOTH_EDGE=1
Sending MCU 'mcu' printer configuration...
Configured MCU 'mcu' (1024 moves)
Starting heater checks for heater_bed
bed_mesh: generated points
Index |  Tool Adjusted  |   Probe
  0   | (42.1, 28.0)    | (25.0, 25.0)
  1   | (73.3, 28.0)    | (56.2, 25.0)
  2   | (104.6, 28.0)   | (87.5, 25.0)
  3   | (135.8, 28.0)   | (118.8, 25.0)
  4   | (167.1, 28.0)   | (150.0, 25.0)
  5   | (167.1, 74.2)   | (150.0, 71.2)
  6   | (135.8, 74.2)   | (118.8, 71.2)
  7   | (104.6, 74.2)   | (87.5, 71.2)
  8   | (73.3, 74.2)    | (56.2, 71.2)
  9   | (42.1, 74.2)    | (25.0, 71.2)
  10  | (42.1, 120.5)   | (25.0, 117.5)
  11  | (73.3, 120.5)   | (56.2, 117.5)
  12  | (104.6, 120.5)  | (87.5, 117.5)
  13  | (135.8, 120.5)  | (118.8, 117.5)
  14  | (167.1, 120.5)  | (150.0, 117.5)
  15  | (167.1, 166.8)  | (150.0, 163.8)
  16  | (135.8, 166.8)  | (118.8, 163.8)
  17  | (104.6, 166.8)  | (87.5, 163.8)
  18  | (73.3, 166.8)   | (56.2, 163.8)
  19  | (42.1, 166.8)   | (25.0, 163.8)
  20  | (42.1, 213.0)   | (25.0, 210.0)
  21  | (73.3, 213.0)   | (56.2, 210.0)
  22  | (104.6, 213.0)  | (87.5, 210.0)
  23  | (135.8, 213.0)  | (118.8, 210.0)
  24  | (167.1, 213.0)  | (150.0, 210.0)
Starting heater checks for extruder
Starting Klippy...
Args: ['/home/wheatley/klipper/klippy/klippy.py', '/home/wheatley/printer_data/config/printer.cfg', '-l', '/home/wheatley/printer_data/logs/klippy.log', '-I', '/home/wheatley/printer_data/comms/klippy.serial', '-a', '/home/wheatley/printer_data/comms/klippy.sock']
Git version: 'v0.12.0-60-g0665dc89'
Branch: master
Remote: origin
Tracked URL: https://github.com/Klipper3d/klipper.git
CPU: 4 core ARMv7 Processor rev 4 (v7l)
Python: '3.9.2 (default, Mar 12 2021, 04:06:34) \n[GCC 10.2.1 20210110]'
Start printer at Thu Jan  4 19:22:36 2024 (1704421356.3 26.1)
===== Config file =====
[virtual_sdcard]
path = ~/printer_data/gcodes
on_error_gcode = CANCEL_PRINT

[pause_resume]

[display_status]

[respond]

[gcode_macro CANCEL_PRINT]
description = Cancel the actual running print
rename_existing = CANCEL_PRINT_BASE
gcode = 
	
	{% set client = printer['gcode_macro _CLIENT_VARIABLE']|default({}) %}
	{% set allow_park = client.park_at_cancel|default(false)|lower == 'true' %}
	{% set retract = client.cancel_retract|default(5.0)|abs %}
	
	{% set park_x = "" if (client.park_at_cancel_x|default(none) is none)
	else "X=" ~ client.park_at_cancel_x %}
	{% set park_y = "" if (client.park_at_cancel_y|default(none) is none)
	else "Y=" ~ client.park_at_cancel_y %}
	{% set custom_park = park_x|length > 0 or park_y|length > 0 %}
	
	
	{% if printer['gcode_macro RESUME'].restore_idle_timeout > 0 %}
	SET_IDLE_TIMEOUT TIMEOUT={printer['gcode_macro RESUME'].restore_idle_timeout}
	{% endif %}
	{% if (custom_park or not printer.pause_resume.is_paused) and allow_park %} _TOOLHEAD_PARK_PAUSE_CANCEL {park_x} {park_y} {% endif %}
	_CLIENT_RETRACT LENGTH={retract}
	TURN_OFF_HEATERS
	M106 S0
	{client.user_cancel_macro|default("")}
	SET_GCODE_VARIABLE MACRO=RESUME VARIABLE=idle_state VALUE=False
	
	SET_PAUSE_NEXT_LAYER ENABLE=0
	SET_PAUSE_AT_LAYER ENABLE=0 LAYER=0
	CANCEL_PRINT_BASE

[gcode_macro PAUSE]
description = Pause the actual running print
rename_existing = PAUSE_BASE
gcode = 
	
	{% set client = printer['gcode_macro _CLIENT_VARIABLE']|default({}) %}
	{% set idle_timeout = client.idle_timeout|default(0) %}
	{% set temp = printer[printer.toolhead.extruder].target if printer.toolhead.extruder != '' else 0 %}
	{% set restore = False if printer.toolhead.extruder == ''
	else True  if params.RESTORE|default(1)|int == 1 else False %}
	
	SET_GCODE_VARIABLE MACRO=RESUME VARIABLE=last_extruder_temp VALUE="{{'restore': restore, 'temp': temp}}"
	
	{% if idle_timeout > 0 %}
	SET_GCODE_VARIABLE MACRO=RESUME VARIABLE=restore_idle_timeout VALUE={printer.configfile.settings.idle_timeout.timeout}
	SET_IDLE_TIMEOUT TIMEOUT={idle_timeout}
	{% endif %}
	PAUSE_BASE
	{client.user_pause_macro|default("")}
	_TOOLHEAD_PARK_PAUSE_CANCEL {rawparams}

[gcode_macro RESUME]
description = Resume the actual running print
rename_existing = RESUME_BASE
variable_last_extruder_temp = {'restore': False, 'temp': 0}
variable_restore_idle_timeout = 0
variable_idle_state = False
gcode = 
	
	{% set client = printer['gcode_macro _CLIENT_VARIABLE']|default({}) %}
	{% set velocity = printer.configfile.settings.pause_resume.recover_velocity %}
	{% set sp_move = client.speed_move|default(velocity) %}
	{% set runout_resume = True if client.runout_sensor|default("") == ""
	else True if not printer[client.runout_sensor].enabled
	else printer[client.runout_sensor].filament_detected %}
	{% set can_extrude = True if printer.toolhead.extruder == ''
	else printer[printer.toolhead.extruder].can_extrude %}
	{% set do_resume = False %}
	{% set prompt_txt = [] %}
	
	
	{% if printer.idle_timeout.state|upper == "IDLE" or idle_state %}
	SET_GCODE_VARIABLE MACRO=RESUME VARIABLE=idle_state VALUE=False
	{% if last_extruder_temp.restore %}
	
	RESPOND TYPE=echo MSG='{"Restoring \"%s\" temperature to %3.1f\u00B0C, this may take some time" % (printer.toolhead.extruder, last_extruder_temp.temp) }'
	M109 S{last_extruder_temp.temp}
	{% set do_resume = True %}
	{% elif can_extrude %}
	{% set do_resume = True %}
	{% else %}
	RESPOND TYPE=error MSG='{"Resume aborted !!! \"%s\" not hot enough, please heat up again and press RESUME" % printer.toolhead.extruder}'
	{% set _d = prompt_txt.append("\"%s\" not hot enough, please heat up again and press RESUME" % printer.toolhead.extruder) %}
	{% endif %}
	
	{% elif can_extrude %}
	{% set do_resume = True %}
	{% else %}
	RESPOND TYPE=error MSG='{"Resume aborted !!! \"%s\" not hot enough, please heat up again and press RESUME" % printer.toolhead.extruder}'
	{% set _d = prompt_txt.append("\"%s\" not hot enough, please heat up again and press RESUME" % printer.toolhead.extruder) %}
	{% endif %}
	{% if runout_resume %}
	{% if do_resume %}
	{% if restore_idle_timeout > 0 %} SET_IDLE_TIMEOUT TIMEOUT={restore_idle_timeout} {% endif %}
	{client.user_resume_macro|default("")}
	_CLIENT_EXTRUDE
	RESUME_BASE VELOCITY={params.VELOCITY|default(sp_move)}
	{% endif %}
	{% else %}
	RESPOND TYPE=error MSG='{"Resume aborted !!! \"%s\" detects no filament, please load filament and press RESUME" % (client.runout_sensor.split(" "))[1]}'
	{% set _d = prompt_txt.append("\"%s\" detects no filament, please load filament and press RESUME" % (client.runout_sensor.split(" "))[1]) %}
	{% endif %}
	
	{% if not (runout_resume and do_resume) %}
	RESPOND TYPE=command MSG="action:prompt_begin RESUME aborted !!!"
	{% for element in prompt_txt %}
	RESPOND TYPE=command MSG='{"action:prompt_text %s" % element}'
	{% endfor %}
	RESPOND TYPE=command MSG="action:prompt_footer_button Ok|RESPOND TYPE=command MSG=action:prompt_end|info"
	RESPOND TYPE=command MSG="action:prompt_show"
	{% endif %}

[gcode_macro SET_PAUSE_NEXT_LAYER]
description = Enable a pause if the next layer is reached
gcode = 
	{% set pause_next_layer = printer['gcode_macro SET_PRINT_STATS_INFO'].pause_next_layer %}
	{% set ENABLE = params.ENABLE|default(1)|int != 0 %}
	{% set MACRO = params.MACRO|default(pause_next_layer.call, True) %}
	SET_GCODE_VARIABLE MACRO=SET_PRINT_STATS_INFO VARIABLE=pause_next_layer VALUE="{{ 'enable': ENABLE, 'call': MACRO }}"

[gcode_macro SET_PAUSE_AT_LAYER]
description = Enable/disable a pause if a given layer number is reached
gcode = 
	{% set pause_at_layer = printer['gcode_macro SET_PRINT_STATS_INFO'].pause_at_layer %}
	{% set ENABLE = params.ENABLE|int != 0 if params.ENABLE is defined
	else params.LAYER is defined %}
	{% set LAYER = params.LAYER|default(pause_at_layer.layer)|int %}
	{% set MACRO = params.MACRO|default(pause_at_layer.call, True) %}
	SET_GCODE_VARIABLE MACRO=SET_PRINT_STATS_INFO VARIABLE=pause_at_layer VALUE="{{ 'enable': ENABLE, 'layer': LAYER, 'call': MACRO }}"

[gcode_macro SET_PRINT_STATS_INFO]
rename_existing = SET_PRINT_STATS_INFO_BASE
description = Overwrite, to get pause_next_layer and pause_at_layer feature
variable_pause_next_layer = { 'enable': False, 'call': "PAUSE" }
variable_pause_at_layer = { 'enable': False, 'layer': 0, 'call': "PAUSE" }
gcode = 
	{% if pause_next_layer.enable %}
	RESPOND TYPE=echo MSG='{"%s, forced by pause_next_layer" % pause_next_layer.call}'
	{pause_next_layer.call}
	SET_PAUSE_NEXT_LAYER ENABLE=0
	{% elif pause_at_layer.enable and params.CURRENT_LAYER is defined and params.CURRENT_LAYER|int == pause_at_layer.layer %}
	RESPOND TYPE=echo MSG='{"%s, forced by pause_at_layer [%d]" % (pause_at_layer.call, pause_at_layer.layer)}'
	{pause_at_layer.call}
	SET_PAUSE_AT_LAYER ENABLE=0
	{% endif %}
	SET_PRINT_STATS_INFO_BASE {rawparams}

[gcode_macro _TOOLHEAD_PARK_PAUSE_CANCEL]
description = Helper: park toolhead used in PAUSE and CANCEL_PRINT
gcode = 
	
	{% set client = printer['gcode_macro _CLIENT_VARIABLE']|default({}) %}
	{% set velocity = printer.configfile.settings.pause_resume.recover_velocity %}
	{% set use_custom     = client.use_custom_pos|default(false)|lower == 'true' %}
	{% set custom_park_x  = client.custom_park_x|default(0.0) %}
	{% set custom_park_y  = client.custom_park_y|default(0.0) %}
	{% set park_dz        = client.custom_park_dz|default(2.0)|abs %}
	{% set sp_hop         = client.speed_hop|default(15) * 60 %}
	{% set sp_move        = client.speed_move|default(velocity) * 60 %}
	
	{% set origin    = printer.gcode_move.homing_origin %}
	{% set act       = printer.gcode_move.gcode_position %}
	{% set max       = printer.toolhead.axis_maximum %}
	{% set cone      = printer.toolhead.cone_start_z|default(max.z) %}
	{% set round_bed = True if printer.configfile.settings.printer.kinematics is in ['delta','polar','rotary_delta','winch']
	else False %}
	
	{% set z_min = params.Z_MIN|default(0)|float %}
	{% set z_park = [[(act.z + park_dz), z_min]|max, (max.z - origin.z)]|min %}
	{% set x_park = params.X       if params.X is defined
	else custom_park_x  if use_custom
	else 0.0            if round_bed
	else (max.x - 5.0) %}
	{% set y_park = params.Y       if params.Y is defined
	else custom_park_y  if use_custom
	else (max.y - 5.0)  if round_bed and z_park < cone
	else 0.0            if round_bed
	else (max.y - 5.0) %}
	
	_CLIENT_RETRACT
	{% if "xyz" in printer.toolhead.homed_axes %}
	G90
	G1 Z{z_park} F{sp_hop}
	G1 X{x_park} Y{y_park} F{sp_move}
	{% if not printer.gcode_move.absolute_coordinates %} G91 {% endif %}
	{% else %}
	RESPOND TYPE=echo MSG='Printer not homed'
	{% endif %}

[gcode_macro _CLIENT_EXTRUDE]
description = Extrudes, if the extruder is hot enough
gcode = 
	
	{% set client = printer['gcode_macro _CLIENT_VARIABLE']|default({}) %}
	{% set use_fw_retract = (client.use_fw_retract|default(false)|lower == 'true') and (printer.firmware_retraction is defined) %}
	{% set length = params.LENGTH|default(client.unretract)|default(1.0)|float %}
	{% set speed = params.SPEED|default(client.speed_unretract)|default(35) %}
	{% set absolute_extrude = printer.gcode_move.absolute_extrude %}
	
	{% if printer.toolhead.extruder != '' %}
	{% if printer[printer.toolhead.extruder].can_extrude %}
	{% if use_fw_retract %}
	{% if length < 0 %}
	G10
	{% else %}
	G11
	{% endif %}
	{% else %}
	M83
	G1 E{length} F{(speed|float|abs) * 60}
	{% if absolute_extrude %}
	M82
	{% endif %}
	{% endif %}
	{% else %}
	RESPOND TYPE=echo MSG='{"\"%s\" not hot enough" % printer.toolhead.extruder}'
	{% endif %}
	{% endif %}

[gcode_macro _CLIENT_RETRACT]
description = Retracts, if the extruder is hot enough
gcode = 
	{% set client = printer['gcode_macro _CLIENT_VARIABLE']|default({}) %}
	{% set length = params.LENGTH|default(client.retract)|default(1.0)|float %}
	{% set speed = params.SPEED|default(client.speed_retract)|default(35) %}
	
	_CLIENT_EXTRUDE LENGTH=-{length|float|abs} SPEED={speed|float|abs}

[stepper_x]
step_pin = PB13
dir_pin = !PB12
enable_pin = !PB14
microsteps = 16
rotation_distance = 40
endstop_pin = ^PC0
position_endstop = 0
position_max = 230
homing_speed = 50

[tmc2209 stepper_x]
uart_pin = PC11
tx_pin = PC10
uart_address = 0
run_current = 0.580

[stepper_y]
step_pin = PB10
dir_pin = !PB2
enable_pin = !PB11
microsteps = 16
rotation_distance = 40
endstop_pin = ^PC1
position_endstop = 0
position_max = 230
homing_speed = 50

[tmc2209 stepper_y]
uart_pin = PC11
tx_pin = PC10
uart_address = 2
run_current = 0.580

[stepper_z]
step_pin = PB0
dir_pin = PC5
enable_pin = !PB1
microsteps = 16
rotation_distance = 8
endstop_pin = probe:z_virtual_endstop
position_max = 230
position_min = -2

[tmc2209 stepper_z]
uart_pin = PC11
tx_pin = PC10
uart_address = 1
run_current = 0.750

[extruder]
step_pin = PB3
dir_pin = !PB4
enable_pin = !PD1
microsteps = 16
rotation_distance = 33.500
nozzle_diameter = 0.400
filament_diameter = 1.750
heater_pin = PC8
sensor_type = EPCOS 100K B57560G104F
sensor_pin = PA0
control = pid
pid_kp = 21.527
pid_ki = 1.063
pid_kd = 108.982
min_temp = 0
max_temp = 250

[tmc2209 extruder]
uart_pin = PC11
tx_pin = PC10
uart_address = 3
run_current = 0.650

[heater_bed]
heater_pin = PC9
sensor_type = EPCOS 100K B57560G104F
sensor_pin = PC4
control = pid
pid_kp = 54.027
pid_ki = 0.770
pid_kd = 948.182
min_temp = 0
max_temp = 130

[heater_fan heatbreak_cooling_fan]
pin = PC7

[heater_fan controller_fan]
pin = PB15

[fan]
pin = PC6

[mcu]
serial = /dev/serial/by-id/usb-Klipper_stm32g0b1xx_490009000450415339373620-if00
baud = 250000

[printer]
kinematics = cartesian
max_velocity = 300
max_accel = 3000
max_z_velocity = 5
max_z_accel = 100

[board_pins]
aliases = 
	
	EXP1_1=PB5,  EXP1_3=PA9,   EXP1_5=PA10, EXP1_7=PB8, EXP1_9=<GND>,
	EXP1_2=PA15, EXP1_4=<RST>, EXP1_6=PB9,  EXP1_8=PD6, EXP1_10=<5V>

[bltouch]
sensor_pin = ^PC14
control_pin = PA1
x_offset = -17.1
y_offset = -3.0
z_offset = 2.000
speed = 3.0
samples = 2
samples_result = median
sample_retract_dist = 8.0
samples_tolerance = 0.01
samples_tolerance_retries = 3

[bed_mesh]
speed = 75
horizontal_move_z = 8
mesh_min = 25, 25
mesh_max = 150, 210
probe_count = 5
fade_start = 0
mesh_pps = 2, 2
algorithm = bicubic
move_check_distance = 5
=======================
Extruder max_extrude_ratio=0.266081
mcu 'mcu': Starting serial connect
mcu 'mcu': got {'oid': 20, 'next_clock': 1241759744, 'value': 31551, '#name': 'analog_in_state', '#sent_time': 27.803892125, '#receive_time': 27.839153323}
mcu 'mcu': got {'oid': 11, 'next_clock': 1255199744, 'value': 31530, '#name': 'analog_in_state', '#sent_time': 28.010951552, '#receive_time': 28.049179729}
mcu 'mcu': got {'oid': 20, 'next_clock': 1260959744, 'value': 31547, '#name': 'analog_in_state', '#sent_time': 28.113825615, '#receive_time': 28.13914051}
Loaded MCU 'mcu' 112 commands (v0.12.0-58-g25bc649c / gcc: (15:8-2019-q3-1+b1) 8.3.1 20190703 (release) [gcc-8-branch revision 273027] binutils: (2.34-4+rpi1+14) 2.34)
MCU 'mcu' config: ADC_MAX=4095 BUS_PINS_i2c1_PA9_PA10=PA9,PA10 BUS_PINS_i2c1_PB6_PB7=PB6,PB7 BUS_PINS_i2c1_PB8_PB9=PB8,PB9 BUS_PINS_i2c2_PB10_PB11=PB10,PB11 BUS_PINS_i2c2_PB13_PB14=PB13,PB14 BUS_PINS_i2c3_PB3_PB4=PB3,PB4 BUS_PINS_spi1=PA6,PA7,PA5 BUS_PINS_spi1a=PB4,PB5,PB3 BUS_PINS_spi2=PB14,PB15,PB13 BUS_PINS_spi2a=PC2,PC3,PB10 BUS_PINS_spi3=PB4,PB5,PB3 CLOCK_FREQ=64000000 MCU=stm32g0b1xx PWM_MAX=255 RESERVE_PINS_USB=PA11,PA12 RESERVE_PINS_crystal=PF0,PF1 STATS_SUMSQ_BASE=256 STEPPER_BOTH_EDGE=1
Configured MCU 'mcu' (1024 moves)
Starting heater checks for heater_bed
bed_mesh: generated points
Index |  Tool Adjusted  |   Probe
  0   | (42.1, 28.0)    | (25.0, 25.0)
  1   | (73.3, 28.0)    | (56.2, 25.0)
  2   | (104.6, 28.0)   | (87.5, 25.0)
  3   | (135.8, 28.0)   | (118.8, 25.0)
  4   | (167.1, 28.0)   | (150.0, 25.0)
  5   | (167.1, 74.2)   | (150.0, 71.2)
  6   | (135.8, 74.2)   | (118.8, 71.2)
  7   | (104.6, 74.2)   | (87.5, 71.2)
  8   | (73.3, 74.2)    | (56.2, 71.2)
  9   | (42.1, 74.2)    | (25.0, 71.2)
  10  | (42.1, 120.5)   | (25.0, 117.5)
  11  | (73.3, 120.5)   | (56.2, 117.5)
  12  | (104.6, 120.5)  | (87.5, 117.5)
  13  | (135.8, 120.5)  | (118.8, 117.5)
  14  | (167.1, 120.5)  | (150.0, 117.5)
  15  | (167.1, 166.8)  | (150.0, 163.8)
  16  | (135.8, 166.8)  | (118.8, 163.8)
  17  | (104.6, 166.8)  | (87.5, 163.8)
  18  | (73.3, 166.8)   | (56.2, 163.8)
  19  | (42.1, 166.8)   | (25.0, 163.8)
  20  | (42.1, 213.0)   | (25.0, 210.0)
  21  | (73.3, 213.0)   | (56.2, 210.0)
  22  | (104.6, 213.0)  | (87.5, 210.0)
  23  | (135.8, 213.0)  | (118.8, 210.0)
  24  | (167.1, 213.0)  | (150.0, 210.0)
Starting heater checks for extruder
